<?xml version="1.0" encoding="UTF-8"?>
<testng-results ignored="0" total="1" passed="1" failed="0" skipped="0">
  <reporter-output>
  </reporter-output>
  <suite started-at="2021-01-23T05:11:16Z" name="Suite" finished-at="2021-01-23T05:12:07Z" duration-ms="51284">
    <groups>
    </groups>
    <test started-at="2021-01-23T05:11:16Z" name="Test" finished-at="2021-01-23T05:12:07Z" duration-ms="51284">
      <class name="TestCases.Test002">
        <test-method is-config="true" signature="SetUp()[pri:0, instance:TestCases.Test002@2a225dd7]" started-at="2021-01-23T10:41:16Z" name="SetUp" finished-at="2021-01-23T10:41:32Z" duration-ms="15921" status="PASS">
          <reporter-output>
          </reporter-output>
        </test-method> <!-- SetUp -->
        <test-method signature="Testproduct()[pri:0, instance:TestCases.Test002@2a225dd7]" started-at="2021-01-23T10:41:32Z" name="Testproduct" finished-at="2021-01-23T10:42:07Z" duration-ms="35296" status="PASS">
          <reporter-output>
          </reporter-output>
        </test-method> <!-- Testproduct -->
        <test-method is-config="true" signature="TearDown()[pri:0, instance:TestCases.Test002@2a225dd7]" started-at="2021-01-23T10:42:07Z" name="TearDown" finished-at="2021-01-23T10:42:07Z" duration-ms="2" status="PASS">
          <reporter-output>
          </reporter-output>
        </test-method> <!-- TearDown -->
      </class> <!-- TestCases.Test002 -->
    </test> <!-- Test -->
  </suite> <!-- Suite -->
</testng-results>
